{"C:\\Users\\USER\\Desktop\\demo04\\src\\components\\Search.jsx": {"path":"C:\\Users\\USER\\Desktop\\demo04\\src\\components\\Search.jsx","statementMap":{"0":{"start":{"line":5,"column":24},"end":{"line":7,"column":5}},"1":{"start":{"line":9,"column":4},"end":{"line":20,"column":6}}},"fnMap":{"0":{"name":"Search","decl":{"start":{"line":3,"column":9},"end":{"line":3,"column":15}},"loc":{"start":{"line":3,"column":22},"end":{"line":21,"column":1}},"line":3}},"branchMap":{},"s":{"0":48,"1":48},"f":{"0":48},"b":{},"_coverageSchema":"43e27e138ebf9cfc5966b082cf9a028302ed4184","hash":"488b28c2364d515c07a585d200a51f329e8323a1"}
,"C:\\Users\\USER\\Desktop\\demo04\\src\\pages\\Member.jsx": {"path":"C:\\Users\\USER\\Desktop\\demo04\\src\\pages\\Member.jsx","statementMap":{"0":{"start":{"line":6,"column":15},"end":{"line":6,"column":32}},"1":{"start":{"line":10,"column":4},"end":{"line":10,"column":17}},"2":{"start":{"line":11,"column":4},"end":{"line":34,"column":6}},"3":{"start":{"line":36,"column":4},"end":{"line":36,"column":57}},"4":{"start":{"line":37,"column":4},"end":{"line":37,"column":59}},"5":{"start":{"line":38,"column":4},"end":{"line":38,"column":46}},"6":{"start":{"line":39,"column":4},"end":{"line":39,"column":52}},"7":{"start":{"line":40,"column":4},"end":{"line":40,"column":73}},"8":{"start":{"line":41,"column":4},"end":{"line":41,"column":53}},"9":{"start":{"line":46,"column":4},"end":{"line":46,"column":40}},"10":{"start":{"line":51,"column":27},"end":{"line":51,"column":37}},"11":{"start":{"line":52,"column":20},"end":{"line":52,"column":58}},"12":{"start":{"line":53,"column":21},"end":{"line":53,"column":42}},"13":{"start":{"line":55,"column":4},"end":{"line":55,"column":45}},"14":{"start":{"line":56,"column":4},"end":{"line":56,"column":47}},"15":{"start":{"line":58,"column":4},"end":{"line":68,"column":7}},"16":{"start":{"line":59,"column":22},"end":{"line":59,"column":47}},"17":{"start":{"line":60,"column":28},"end":{"line":60,"column":63}},"18":{"start":{"line":62,"column":6},"end":{"line":67,"column":8}},"19":{"start":{"line":73,"column":28},"end":{"line":73,"column":38}},"20":{"start":{"line":74,"column":4},"end":{"line":99,"column":5}},"21":{"start":{"line":75,"column":6},"end":{"line":93,"column":9}},"22":{"start":{"line":76,"column":51},"end":{"line":76,"column":61}},"23":{"start":{"line":77,"column":28},"end":{"line":77,"column":55}},"24":{"start":{"line":79,"column":8},"end":{"line":90,"column":11}},"25":{"start":{"line":92,"column":8},"end":{"line":92,"column":24}},"26":{"start":{"line":95,"column":6},"end":{"line":98,"column":9}},"27":{"start":{"line":104,"column":4},"end":{"line":107,"column":7}},"28":{"start":{"line":111,"column":43},"end":{"line":111,"column":68}},"29":{"start":{"line":112,"column":35},"end":{"line":112,"column":45}},"30":{"start":{"line":114,"column":4},"end":{"line":136,"column":5}},"31":{"start":{"line":115,"column":6},"end":{"line":133,"column":9}},"32":{"start":{"line":116,"column":8},"end":{"line":120,"column":9}},"33":{"start":{"line":117,"column":10},"end":{"line":117,"column":42}},"34":{"start":{"line":119,"column":10},"end":{"line":119,"column":35}},"35":{"start":{"line":122,"column":8},"end":{"line":132,"column":11}},"36":{"start":{"line":135,"column":6},"end":{"line":135,"column":41}},"37":{"start":{"line":141,"column":4},"end":{"line":171,"column":5}},"38":{"start":{"line":142,"column":6},"end":{"line":168,"column":9}},"39":{"start":{"line":143,"column":71},"end":{"line":143,"column":81}},"40":{"start":{"line":147,"column":8},"end":{"line":151,"column":9}},"41":{"start":{"line":148,"column":10},"end":{"line":148,"column":32}},"42":{"start":{"line":150,"column":10},"end":{"line":150,"column":26}},"43":{"start":{"line":153,"column":27},"end":{"line":153,"column":66}},"44":{"start":{"line":155,"column":8},"end":{"line":159,"column":9}},"45":{"start":{"line":156,"column":10},"end":{"line":156,"column":32}},"46":{"start":{"line":158,"column":10},"end":{"line":158,"column":30}},"47":{"start":{"line":161,"column":8},"end":{"line":161,"column":46}},"48":{"start":{"line":163,"column":8},"end":{"line":167,"column":9}},"49":{"start":{"line":164,"column":10},"end":{"line":164,"column":38}},"50":{"start":{"line":166,"column":10},"end":{"line":166,"column":31}},"51":{"start":{"line":170,"column":6},"end":{"line":170,"column":19}},"52":{"start":{"line":176,"column":27},"end":{"line":176,"column":37}},"53":{"start":{"line":177,"column":20},"end":{"line":177,"column":58}},"54":{"start":{"line":178,"column":24},"end":{"line":178,"column":48}},"55":{"start":{"line":179,"column":18},"end":{"line":179,"column":46}},"56":{"start":{"line":180,"column":18},"end":{"line":180,"column":43}},"57":{"start":{"line":181,"column":17},"end":{"line":181,"column":42}},"58":{"start":{"line":182,"column":19},"end":{"line":182,"column":45}},"59":{"start":{"line":183,"column":20},"end":{"line":183,"column":44}},"60":{"start":{"line":187,"column":21},"end":{"line":187,"column":42}},"61":{"start":{"line":189,"column":4},"end":{"line":189,"column":45}},"62":{"start":{"line":190,"column":4},"end":{"line":190,"column":47}},"63":{"start":{"line":192,"column":4},"end":{"line":194,"column":5}},"64":{"start":{"line":193,"column":6},"end":{"line":193,"column":41}},"65":{"start":{"line":197,"column":4},"end":{"line":205,"column":5}},"66":{"start":{"line":204,"column":6},"end":{"line":204,"column":55}},"67":{"start":{"line":208,"column":4},"end":{"line":218,"column":5}},"68":{"start":{"line":216,"column":6},"end":{"line":216,"column":43}},"69":{"start":{"line":217,"column":6},"end":{"line":217,"column":76}},"70":{"start":{"line":220,"column":4},"end":{"line":227,"column":5}},"71":{"start":{"line":226,"column":6},"end":{"line":226,"column":47}},"72":{"start":{"line":229,"column":4},"end":{"line":232,"column":5}},"73":{"start":{"line":230,"column":6},"end":{"line":230,"column":33}},"74":{"start":{"line":231,"column":6},"end":{"line":231,"column":33}},"75":{"start":{"line":234,"column":4},"end":{"line":237,"column":5}},"76":{"start":{"line":235,"column":6},"end":{"line":235,"column":33}},"77":{"start":{"line":236,"column":6},"end":{"line":236,"column":33}},"78":{"start":{"line":240,"column":4},"end":{"line":246,"column":5}},"79":{"start":{"line":241,"column":22},"end":{"line":241,"column":56}},"80":{"start":{"line":242,"column":20},"end":{"line":242,"column":54}},"81":{"start":{"line":244,"column":6},"end":{"line":244,"column":61}},"82":{"start":{"line":245,"column":6},"end":{"line":245,"column":57}},"83":{"start":{"line":249,"column":4},"end":{"line":255,"column":5}},"84":{"start":{"line":250,"column":22},"end":{"line":250,"column":50}},"85":{"start":{"line":251,"column":20},"end":{"line":251,"column":48}},"86":{"start":{"line":253,"column":6},"end":{"line":253,"column":77}},"87":{"start":{"line":254,"column":6},"end":{"line":254,"column":73}},"88":{"start":{"line":257,"column":4},"end":{"line":267,"column":7}},"89":{"start":{"line":258,"column":26},"end":{"line":258,"column":51}},"90":{"start":{"line":259,"column":28},"end":{"line":259,"column":67}},"91":{"start":{"line":261,"column":6},"end":{"line":266,"column":9}},"92":{"start":{"line":272,"column":4},"end":{"line":272,"column":36}},"93":{"start":{"line":274,"column":4},"end":{"line":280,"column":5}},"94":{"start":{"line":275,"column":18},"end":{"line":275,"column":32}},"95":{"start":{"line":276,"column":6},"end":{"line":276,"column":39}},"96":{"start":{"line":277,"column":6},"end":{"line":277,"column":28}},"97":{"start":{"line":279,"column":6},"end":{"line":279,"column":22}},"98":{"start":{"line":285,"column":4},"end":{"line":285,"column":34}},"99":{"start":{"line":287,"column":4},"end":{"line":291,"column":5}},"100":{"start":{"line":288,"column":6},"end":{"line":288,"column":49}},"101":{"start":{"line":290,"column":6},"end":{"line":290,"column":31}},"102":{"start":{"line":296,"column":4},"end":{"line":299,"column":7}},"103":{"start":{"line":304,"column":4},"end":{"line":307,"column":7}},"104":{"start":{"line":311,"column":79},"end":{"line":311,"column":89}},"105":{"start":{"line":317,"column":4},"end":{"line":362,"column":5}},"106":{"start":{"line":318,"column":6},"end":{"line":361,"column":9}},"107":{"start":{"line":321,"column":22},"end":{"line":321,"column":54}},"108":{"start":{"line":322,"column":22},"end":{"line":322,"column":55}},"109":{"start":{"line":323,"column":23},"end":{"line":323,"column":48}},"110":{"start":{"line":326,"column":8},"end":{"line":330,"column":9}},"111":{"start":{"line":327,"column":10},"end":{"line":327,"column":27}},"112":{"start":{"line":329,"column":10},"end":{"line":329,"column":27}},"113":{"start":{"line":332,"column":8},"end":{"line":336,"column":9}},"114":{"start":{"line":333,"column":10},"end":{"line":333,"column":27}},"115":{"start":{"line":335,"column":10},"end":{"line":335,"column":27}},"116":{"start":{"line":338,"column":8},"end":{"line":360,"column":10}},"117":{"start":{"line":364,"column":4},"end":{"line":374,"column":5}},"118":{"start":{"line":365,"column":6},"end":{"line":373,"column":8}},"119":{"start":{"line":377,"column":4},"end":{"line":389,"column":5}},"120":{"start":{"line":378,"column":6},"end":{"line":388,"column":8}},"121":{"start":{"line":391,"column":4},"end":{"line":536,"column":6}},"122":{"start":{"line":434,"column":41},"end":{"line":434,"column":51}},"123":{"start":{"line":435,"column":20},"end":{"line":435,"column":60}},"124":{"start":{"line":436,"column":20},"end":{"line":436,"column":53}},"125":{"start":{"line":447,"column":42},"end":{"line":447,"column":52}},"126":{"start":{"line":448,"column":20},"end":{"line":448,"column":66}},"127":{"start":{"line":449,"column":20},"end":{"line":449,"column":53}},"128":{"start":{"line":461,"column":42},"end":{"line":461,"column":52}},"129":{"start":{"line":462,"column":20},"end":{"line":462,"column":66}},"130":{"start":{"line":463,"column":20},"end":{"line":463,"column":53}},"131":{"start":{"line":491,"column":42},"end":{"line":491,"column":52}},"132":{"start":{"line":492,"column":20},"end":{"line":492,"column":61}},"133":{"start":{"line":493,"column":20},"end":{"line":493,"column":54}},"134":{"start":{"line":504,"column":43},"end":{"line":504,"column":53}},"135":{"start":{"line":505,"column":20},"end":{"line":505,"column":67}},"136":{"start":{"line":506,"column":20},"end":{"line":506,"column":54}},"137":{"start":{"line":518,"column":43},"end":{"line":518,"column":53}},"138":{"start":{"line":519,"column":20},"end":{"line":519,"column":67}},"139":{"start":{"line":520,"column":20},"end":{"line":520,"column":54}}},"fnMap":{"0":{"name":"(anonymous_0)","decl":{"start":{"line":9,"column":2},"end":{"line":9,"column":3}},"loc":{"start":{"line":9,"column":21},"end":{"line":42,"column":3}},"line":9},"1":{"name":"(anonymous_1)","decl":{"start":{"line":44,"column":2},"end":{"line":44,"column":3}},"loc":{"start":{"line":44,"column":22},"end":{"line":47,"column":3}},"line":44},"2":{"name":"(anonymous_2)","decl":{"start":{"line":50,"column":2},"end":{"line":50,"column":3}},"loc":{"start":{"line":50,"column":18},"end":{"line":69,"column":3}},"line":50},"3":{"name":"(anonymous_3)","decl":{"start":{"line":58,"column":72},"end":{"line":58,"column":73}},"loc":{"start":{"line":58,"column":81},"end":{"line":68,"column":5}},"line":58},"4":{"name":"(anonymous_4)","decl":{"start":{"line":72,"column":2},"end":{"line":72,"column":3}},"loc":{"start":{"line":72,"column":14},"end":{"line":100,"column":3}},"line":72},"5":{"name":"(anonymous_5)","decl":{"start":{"line":75,"column":76},"end":{"line":75,"column":77}},"loc":{"start":{"line":75,"column":85},"end":{"line":93,"column":7}},"line":75},"6":{"name":"(anonymous_6)","decl":{"start":{"line":103,"column":2},"end":{"line":103,"column":3}},"loc":{"start":{"line":103,"column":43},"end":{"line":108,"column":3}},"line":103},"7":{"name":"(anonymous_7)","decl":{"start":{"line":110,"column":2},"end":{"line":110,"column":3}},"loc":{"start":{"line":110,"column":17},"end":{"line":137,"column":3}},"line":110},"8":{"name":"(anonymous_8)","decl":{"start":{"line":115,"column":96},"end":{"line":115,"column":97}},"loc":{"start":{"line":115,"column":102},"end":{"line":133,"column":7}},"line":115},"9":{"name":"(anonymous_9)","decl":{"start":{"line":140,"column":2},"end":{"line":140,"column":3}},"loc":{"start":{"line":140,"column":19},"end":{"line":172,"column":3}},"line":140},"10":{"name":"(anonymous_10)","decl":{"start":{"line":142,"column":69},"end":{"line":142,"column":70}},"loc":{"start":{"line":142,"column":75},"end":{"line":168,"column":7}},"line":142},"11":{"name":"(anonymous_11)","decl":{"start":{"line":175,"column":2},"end":{"line":175,"column":3}},"loc":{"start":{"line":175,"column":29},"end":{"line":269,"column":3}},"line":175},"12":{"name":"(anonymous_12)","decl":{"start":{"line":257,"column":72},"end":{"line":257,"column":73}},"loc":{"start":{"line":257,"column":81},"end":{"line":267,"column":5}},"line":257},"13":{"name":"(anonymous_13)","decl":{"start":{"line":271,"column":2},"end":{"line":271,"column":3}},"loc":{"start":{"line":271,"column":17},"end":{"line":281,"column":3}},"line":271},"14":{"name":"(anonymous_14)","decl":{"start":{"line":284,"column":2},"end":{"line":284,"column":3}},"loc":{"start":{"line":284,"column":42},"end":{"line":292,"column":3}},"line":284},"15":{"name":"(anonymous_15)","decl":{"start":{"line":295,"column":2},"end":{"line":295,"column":3}},"loc":{"start":{"line":295,"column":19},"end":{"line":300,"column":3}},"line":295},"16":{"name":"(anonymous_16)","decl":{"start":{"line":303,"column":2},"end":{"line":303,"column":3}},"loc":{"start":{"line":303,"column":20},"end":{"line":308,"column":3}},"line":303},"17":{"name":"(anonymous_17)","decl":{"start":{"line":310,"column":2},"end":{"line":310,"column":3}},"loc":{"start":{"line":310,"column":11},"end":{"line":537,"column":3}},"line":310},"18":{"name":"(anonymous_18)","decl":{"start":{"line":318,"column":34},"end":{"line":318,"column":35}},"loc":{"start":{"line":318,"column":48},"end":{"line":361,"column":7}},"line":318},"19":{"name":"(anonymous_19)","decl":{"start":{"line":433,"column":28},"end":{"line":433,"column":29}},"loc":{"start":{"line":433,"column":35},"end":{"line":437,"column":19}},"line":433},"20":{"name":"(anonymous_20)","decl":{"start":{"line":446,"column":28},"end":{"line":446,"column":29}},"loc":{"start":{"line":446,"column":35},"end":{"line":450,"column":19}},"line":446},"21":{"name":"(anonymous_21)","decl":{"start":{"line":460,"column":28},"end":{"line":460,"column":29}},"loc":{"start":{"line":460,"column":35},"end":{"line":464,"column":19}},"line":460},"22":{"name":"(anonymous_22)","decl":{"start":{"line":490,"column":28},"end":{"line":490,"column":29}},"loc":{"start":{"line":490,"column":35},"end":{"line":494,"column":19}},"line":490},"23":{"name":"(anonymous_23)","decl":{"start":{"line":503,"column":28},"end":{"line":503,"column":29}},"loc":{"start":{"line":503,"column":35},"end":{"line":507,"column":19}},"line":503},"24":{"name":"(anonymous_24)","decl":{"start":{"line":517,"column":28},"end":{"line":517,"column":29}},"loc":{"start":{"line":517,"column":35},"end":{"line":521,"column":19}},"line":517}},"branchMap":{"0":{"loc":{"start":{"line":74,"column":4},"end":{"line":99,"column":5}},"type":"if","locations":[{"start":{"line":74,"column":4},"end":{"line":99,"column":5}},{"start":{"line":74,"column":4},"end":{"line":99,"column":5}}],"line":74},"1":{"loc":{"start":{"line":114,"column":4},"end":{"line":136,"column":5}},"type":"if","locations":[{"start":{"line":114,"column":4},"end":{"line":136,"column":5}},{"start":{"line":114,"column":4},"end":{"line":136,"column":5}}],"line":114},"2":{"loc":{"start":{"line":116,"column":8},"end":{"line":120,"column":9}},"type":"if","locations":[{"start":{"line":116,"column":8},"end":{"line":120,"column":9}},{"start":{"line":116,"column":8},"end":{"line":120,"column":9}}],"line":116},"3":{"loc":{"start":{"line":141,"column":4},"end":{"line":171,"column":5}},"type":"if","locations":[{"start":{"line":141,"column":4},"end":{"line":171,"column":5}},{"start":{"line":141,"column":4},"end":{"line":171,"column":5}}],"line":141},"4":{"loc":{"start":{"line":147,"column":8},"end":{"line":151,"column":9}},"type":"if","locations":[{"start":{"line":147,"column":8},"end":{"line":151,"column":9}},{"start":{"line":147,"column":8},"end":{"line":151,"column":9}}],"line":147},"5":{"loc":{"start":{"line":155,"column":8},"end":{"line":159,"column":9}},"type":"if","locations":[{"start":{"line":155,"column":8},"end":{"line":159,"column":9}},{"start":{"line":155,"column":8},"end":{"line":159,"column":9}}],"line":155},"6":{"loc":{"start":{"line":163,"column":8},"end":{"line":167,"column":9}},"type":"if","locations":[{"start":{"line":163,"column":8},"end":{"line":167,"column":9}},{"start":{"line":163,"column":8},"end":{"line":167,"column":9}}],"line":163},"7":{"loc":{"start":{"line":192,"column":4},"end":{"line":194,"column":5}},"type":"if","locations":[{"start":{"line":192,"column":4},"end":{"line":194,"column":5}},{"start":{"line":192,"column":4},"end":{"line":194,"column":5}}],"line":192},"8":{"loc":{"start":{"line":197,"column":4},"end":{"line":205,"column":5}},"type":"if","locations":[{"start":{"line":197,"column":4},"end":{"line":205,"column":5}},{"start":{"line":197,"column":4},"end":{"line":205,"column":5}}],"line":197},"9":{"loc":{"start":{"line":198,"column":6},"end":{"line":202,"column":36}},"type":"binary-expr","locations":[{"start":{"line":198,"column":6},"end":{"line":198,"column":21}},{"start":{"line":199,"column":9},"end":{"line":199,"column":24}},{"start":{"line":200,"column":9},"end":{"line":200,"column":23}},{"start":{"line":201,"column":9},"end":{"line":201,"column":36}},{"start":{"line":202,"column":9},"end":{"line":202,"column":36}}],"line":198},"10":{"loc":{"start":{"line":208,"column":4},"end":{"line":218,"column":5}},"type":"if","locations":[{"start":{"line":208,"column":4},"end":{"line":218,"column":5}},{"start":{"line":208,"column":4},"end":{"line":218,"column":5}}],"line":208},"11":{"loc":{"start":{"line":209,"column":6},"end":{"line":214,"column":36}},"type":"binary-expr","locations":[{"start":{"line":209,"column":6},"end":{"line":209,"column":21}},{"start":{"line":210,"column":9},"end":{"line":210,"column":24}},{"start":{"line":211,"column":9},"end":{"line":211,"column":23}},{"start":{"line":212,"column":9},"end":{"line":212,"column":25}},{"start":{"line":213,"column":9},"end":{"line":213,"column":26}},{"start":{"line":214,"column":9},"end":{"line":214,"column":36}}],"line":209},"12":{"loc":{"start":{"line":220,"column":4},"end":{"line":227,"column":5}},"type":"if","locations":[{"start":{"line":220,"column":4},"end":{"line":227,"column":5}},{"start":{"line":220,"column":4},"end":{"line":227,"column":5}}],"line":220},"13":{"loc":{"start":{"line":221,"column":6},"end":{"line":224,"column":37}},"type":"binary-expr","locations":[{"start":{"line":221,"column":6},"end":{"line":221,"column":27}},{"start":{"line":222,"column":9},"end":{"line":222,"column":30}},{"start":{"line":223,"column":9},"end":{"line":223,"column":34}},{"start":{"line":224,"column":9},"end":{"line":224,"column":37}}],"line":221},"14":{"loc":{"start":{"line":229,"column":4},"end":{"line":232,"column":5}},"type":"if","locations":[{"start":{"line":229,"column":4},"end":{"line":232,"column":5}},{"start":{"line":229,"column":4},"end":{"line":232,"column":5}}],"line":229},"15":{"loc":{"start":{"line":234,"column":4},"end":{"line":237,"column":5}},"type":"if","locations":[{"start":{"line":234,"column":4},"end":{"line":237,"column":5}},{"start":{"line":234,"column":4},"end":{"line":237,"column":5}}],"line":234},"16":{"loc":{"start":{"line":240,"column":4},"end":{"line":246,"column":5}},"type":"if","locations":[{"start":{"line":240,"column":4},"end":{"line":246,"column":5}},{"start":{"line":240,"column":4},"end":{"line":246,"column":5}}],"line":240},"17":{"loc":{"start":{"line":240,"column":8},"end":{"line":240,"column":64}},"type":"binary-expr","locations":[{"start":{"line":240,"column":8},"end":{"line":240,"column":33}},{"start":{"line":240,"column":37},"end":{"line":240,"column":64}}],"line":240},"18":{"loc":{"start":{"line":249,"column":4},"end":{"line":255,"column":5}},"type":"if","locations":[{"start":{"line":249,"column":4},"end":{"line":255,"column":5}},{"start":{"line":249,"column":4},"end":{"line":255,"column":5}}],"line":249},"19":{"loc":{"start":{"line":249,"column":8},"end":{"line":249,"column":67}},"type":"binary-expr","locations":[{"start":{"line":249,"column":8},"end":{"line":249,"column":36}},{"start":{"line":249,"column":40},"end":{"line":249,"column":67}}],"line":249},"20":{"loc":{"start":{"line":274,"column":4},"end":{"line":280,"column":5}},"type":"if","locations":[{"start":{"line":274,"column":4},"end":{"line":280,"column":5}},{"start":{"line":274,"column":4},"end":{"line":280,"column":5}}],"line":274},"21":{"loc":{"start":{"line":287,"column":4},"end":{"line":291,"column":5}},"type":"if","locations":[{"start":{"line":287,"column":4},"end":{"line":291,"column":5}},{"start":{"line":287,"column":4},"end":{"line":291,"column":5}}],"line":287},"22":{"loc":{"start":{"line":317,"column":4},"end":{"line":362,"column":5}},"type":"if","locations":[{"start":{"line":317,"column":4},"end":{"line":362,"column":5}},{"start":{"line":317,"column":4},"end":{"line":362,"column":5}}],"line":317},"23":{"loc":{"start":{"line":326,"column":8},"end":{"line":330,"column":9}},"type":"if","locations":[{"start":{"line":326,"column":8},"end":{"line":330,"column":9}},{"start":{"line":326,"column":8},"end":{"line":330,"column":9}}],"line":326},"24":{"loc":{"start":{"line":332,"column":8},"end":{"line":336,"column":9}},"type":"if","locations":[{"start":{"line":332,"column":8},"end":{"line":336,"column":9}},{"start":{"line":332,"column":8},"end":{"line":336,"column":9}}],"line":332},"25":{"loc":{"start":{"line":364,"column":4},"end":{"line":374,"column":5}},"type":"if","locations":[{"start":{"line":364,"column":4},"end":{"line":374,"column":5}},{"start":{"line":364,"column":4},"end":{"line":374,"column":5}}],"line":364},"26":{"loc":{"start":{"line":364,"column":8},"end":{"line":364,"column":48}},"type":"binary-expr","locations":[{"start":{"line":364,"column":8},"end":{"line":364,"column":17}},{"start":{"line":364,"column":22},"end":{"line":364,"column":28}},{"start":{"line":364,"column":32},"end":{"line":364,"column":47}}],"line":364},"27":{"loc":{"start":{"line":377,"column":4},"end":{"line":389,"column":5}},"type":"if","locations":[{"start":{"line":377,"column":4},"end":{"line":389,"column":5}},{"start":{"line":377,"column":4},"end":{"line":389,"column":5}}],"line":377}},"s":{"0":1,"1":11,"2":11,"3":11,"4":11,"5":11,"6":11,"7":11,"8":11,"9":11,"10":15,"11":15,"12":15,"13":15,"14":15,"15":15,"16":15,"17":15,"18":15,"19":2,"20":2,"21":1,"22":1,"23":1,"24":1,"25":1,"26":1,"27":2,"28":2,"29":2,"30":2,"31":1,"32":1,"33":0,"34":1,"35":1,"36":1,"37":2,"38":1,"39":1,"40":1,"41":0,"42":1,"43":1,"44":1,"45":1,"46":0,"47":1,"48":1,"49":0,"50":1,"51":1,"52":0,"53":0,"54":0,"55":0,"56":0,"57":0,"58":0,"59":0,"60":0,"61":0,"62":0,"63":0,"64":0,"65":0,"66":0,"67":0,"68":0,"69":0,"70":0,"71":0,"72":0,"73":0,"74":0,"75":0,"76":0,"77":0,"78":0,"79":0,"80":0,"81":0,"82":0,"83":0,"84":0,"85":0,"86":0,"87":0,"88":0,"89":0,"90":0,"91":0,"92":0,"93":0,"94":0,"95":0,"96":0,"97":0,"98":1,"99":1,"100":0,"101":1,"102":2,"103":1,"104":46,"105":46,"106":27,"107":415,"108":415,"109":415,"110":415,"111":120,"112":295,"113":415,"114":414,"115":1,"116":415,"117":46,"118":19,"119":46,"120":3,"121":46,"122":1,"123":1,"124":1,"125":2,"126":2,"127":2,"128":2,"129":2,"130":2,"131":2,"132":2,"133":2,"134":1,"135":1,"136":1,"137":1,"138":1,"139":1},"f":{"0":11,"1":11,"2":15,"3":15,"4":2,"5":1,"6":2,"7":2,"8":1,"9":2,"10":1,"11":0,"12":0,"13":0,"14":1,"15":2,"16":1,"17":46,"18":415,"19":1,"20":2,"21":2,"22":2,"23":1,"24":1},"b":{"0":[1,1],"1":[1,1],"2":[0,1],"3":[1,1],"4":[0,1],"5":[1,0],"6":[0,1],"7":[0,0],"8":[0,0],"9":[0,0,0,0,0],"10":[0,0],"11":[0,0,0,0,0,0],"12":[0,0],"13":[0,0,0,0],"14":[0,0],"15":[0,0],"16":[0,0],"17":[0,0],"18":[0,0],"19":[0,0],"20":[0,0],"21":[0,1],"22":[27,19],"23":[120,295],"24":[414,1],"25":[19,27],"26":[46,27,0],"27":[3,43]},"_coverageSchema":"43e27e138ebf9cfc5966b082cf9a028302ed4184","hash":"a55c3bc6705e9103eb81230bbe730561ffa2b674"}
}
