TN:
SF:C:\Users\USER\Desktop\demo04\src\components\Search.jsx
FN:3,Search
FNF:1
FNH:1
FNDA:48,Search
DA:5,48
DA:9,48
LF:2
LH:2
BRF:0
BRH:0
end_of_record
TN:
SF:C:\Users\USER\Desktop\demo04\src\pages\Member.jsx
FN:9,(anonymous_0)
FN:44,(anonymous_1)
FN:50,(anonymous_2)
FN:58,(anonymous_3)
FN:72,(anonymous_4)
FN:75,(anonymous_5)
FN:103,(anonymous_6)
FN:110,(anonymous_7)
FN:115,(anonymous_8)
FN:140,(anonymous_9)
FN:142,(anonymous_10)
FN:175,(anonymous_11)
FN:257,(anonymous_12)
FN:271,(anonymous_13)
FN:284,(anonymous_14)
FN:295,(anonymous_15)
FN:303,(anonymous_16)
FN:310,(anonymous_17)
FN:318,(anonymous_18)
FN:433,(anonymous_19)
FN:446,(anonymous_20)
FN:460,(anonymous_21)
FN:490,(anonymous_22)
FN:503,(anonymous_23)
FN:517,(anonymous_24)
FNF:25
FNH:22
FNDA:11,(anonymous_0)
FNDA:11,(anonymous_1)
FNDA:15,(anonymous_2)
FNDA:15,(anonymous_3)
FNDA:2,(anonymous_4)
FNDA:1,(anonymous_5)
FNDA:2,(anonymous_6)
FNDA:2,(anonymous_7)
FNDA:1,(anonymous_8)
FNDA:2,(anonymous_9)
FNDA:1,(anonymous_10)
FNDA:0,(anonymous_11)
FNDA:0,(anonymous_12)
FNDA:0,(anonymous_13)
FNDA:1,(anonymous_14)
FNDA:2,(anonymous_15)
FNDA:1,(anonymous_16)
FNDA:46,(anonymous_17)
FNDA:415,(anonymous_18)
FNDA:1,(anonymous_19)
FNDA:2,(anonymous_20)
FNDA:2,(anonymous_21)
FNDA:2,(anonymous_22)
FNDA:1,(anonymous_23)
FNDA:1,(anonymous_24)
DA:6,1
DA:10,11
DA:11,11
DA:36,11
DA:37,11
DA:38,11
DA:39,11
DA:40,11
DA:41,11
DA:46,11
DA:51,15
DA:52,15
DA:53,15
DA:55,15
DA:56,15
DA:58,15
DA:59,15
DA:60,15
DA:62,15
DA:73,2
DA:74,2
DA:75,1
DA:76,1
DA:77,1
DA:79,1
DA:92,1
DA:95,1
DA:104,2
DA:111,2
DA:112,2
DA:114,2
DA:115,1
DA:116,1
DA:117,0
DA:119,1
DA:122,1
DA:135,1
DA:141,2
DA:142,1
DA:143,1
DA:147,1
DA:148,0
DA:150,1
DA:153,1
DA:155,1
DA:156,1
DA:158,0
DA:161,1
DA:163,1
DA:164,0
DA:166,1
DA:170,1
DA:176,0
DA:177,0
DA:178,0
DA:179,0
DA:180,0
DA:181,0
DA:182,0
DA:183,0
DA:187,0
DA:189,0
DA:190,0
DA:192,0
DA:193,0
DA:197,0
DA:204,0
DA:208,0
DA:216,0
DA:217,0
DA:220,0
DA:226,0
DA:229,0
DA:230,0
DA:231,0
DA:234,0
DA:235,0
DA:236,0
DA:240,0
DA:241,0
DA:242,0
DA:244,0
DA:245,0
DA:249,0
DA:250,0
DA:251,0
DA:253,0
DA:254,0
DA:257,0
DA:258,0
DA:259,0
DA:261,0
DA:272,0
DA:274,0
DA:275,0
DA:276,0
DA:277,0
DA:279,0
DA:285,1
DA:287,1
DA:288,0
DA:290,1
DA:296,2
DA:304,1
DA:311,46
DA:317,46
DA:318,27
DA:321,415
DA:322,415
DA:323,415
DA:326,415
DA:327,120
DA:329,295
DA:332,415
DA:333,414
DA:335,1
DA:338,415
DA:364,46
DA:365,19
DA:377,46
DA:378,3
DA:391,46
DA:434,1
DA:435,1
DA:436,1
DA:447,2
DA:448,2
DA:449,2
DA:461,2
DA:462,2
DA:463,2
DA:491,2
DA:492,2
DA:493,2
DA:504,1
DA:505,1
DA:506,1
DA:518,1
DA:519,1
DA:520,1
LF:140
LH:89
BRDA:74,0,0,1
BRDA:74,0,1,1
BRDA:114,1,0,1
BRDA:114,1,1,1
BRDA:116,2,0,0
BRDA:116,2,1,1
BRDA:141,3,0,1
BRDA:141,3,1,1
BRDA:147,4,0,0
BRDA:147,4,1,1
BRDA:155,5,0,1
BRDA:155,5,1,0
BRDA:163,6,0,0
BRDA:163,6,1,1
BRDA:192,7,0,0
BRDA:192,7,1,0
BRDA:197,8,0,0
BRDA:197,8,1,0
BRDA:198,9,0,0
BRDA:198,9,1,0
BRDA:198,9,2,0
BRDA:198,9,3,0
BRDA:198,9,4,0
BRDA:208,10,0,0
BRDA:208,10,1,0
BRDA:209,11,0,0
BRDA:209,11,1,0
BRDA:209,11,2,0
BRDA:209,11,3,0
BRDA:209,11,4,0
BRDA:209,11,5,0
BRDA:220,12,0,0
BRDA:220,12,1,0
BRDA:221,13,0,0
BRDA:221,13,1,0
BRDA:221,13,2,0
BRDA:221,13,3,0
BRDA:229,14,0,0
BRDA:229,14,1,0
BRDA:234,15,0,0
BRDA:234,15,1,0
BRDA:240,16,0,0
BRDA:240,16,1,0
BRDA:240,17,0,0
BRDA:240,17,1,0
BRDA:249,18,0,0
BRDA:249,18,1,0
BRDA:249,19,0,0
BRDA:249,19,1,0
BRDA:274,20,0,0
BRDA:274,20,1,0
BRDA:287,21,0,0
BRDA:287,21,1,1
BRDA:317,22,0,27
BRDA:317,22,1,19
BRDA:326,23,0,120
BRDA:326,23,1,295
BRDA:332,24,0,414
BRDA:332,24,1,1
BRDA:364,25,0,19
BRDA:364,25,1,27
BRDA:364,26,0,46
BRDA:364,26,1,27
BRDA:364,26,2,0
BRDA:377,27,0,3
BRDA:377,27,1,43
BRF:66
BRH:23
end_of_record
