TN:
SF:C:\Users\alex10_chen\Desktop\001\src\components\Search.jsx
FN:3,Search
FNF:1
FNH:1
FNDA:1,Search
DA:5,1
DA:9,1
LF:2
LH:2
BRF:0
BRH:0
end_of_record
TN:
SF:C:\Users\alex10_chen\Desktop\001\src\pages\Member.jsx
FN:9,(anonymous_0)
FN:44,(anonymous_1)
FN:50,(anonymous_2)
FN:58,(anonymous_3)
FN:72,(anonymous_4)
FN:76,(anonymous_5)
FN:103,(anonymous_6)
FN:110,(anonymous_7)
FN:115,(anonymous_8)
FN:140,(anonymous_9)
FN:142,(anonymous_10)
FN:175,(anonymous_11)
FN:257,(anonymous_12)
FN:271,(anonymous_13)
FN:284,(anonymous_14)
FN:295,(anonymous_15)
FN:303,(anonymous_16)
FN:310,(anonymous_17)
FN:318,(anonymous_18)
FN:433,(anonymous_19)
FN:446,(anonymous_20)
FN:459,(anonymous_21)
FN:488,(anonymous_22)
FN:501,(anonymous_23)
FN:514,(anonymous_24)
FNF:25
FNH:5
FNDA:1,(anonymous_0)
FNDA:1,(anonymous_1)
FNDA:1,(anonymous_2)
FNDA:1,(anonymous_3)
FNDA:0,(anonymous_4)
FNDA:0,(anonymous_5)
FNDA:0,(anonymous_6)
FNDA:0,(anonymous_7)
FNDA:0,(anonymous_8)
FNDA:0,(anonymous_9)
FNDA:0,(anonymous_10)
FNDA:0,(anonymous_11)
FNDA:0,(anonymous_12)
FNDA:0,(anonymous_13)
FNDA:0,(anonymous_14)
FNDA:0,(anonymous_15)
FNDA:0,(anonymous_16)
FNDA:1,(anonymous_17)
FNDA:0,(anonymous_18)
FNDA:0,(anonymous_19)
FNDA:0,(anonymous_20)
FNDA:0,(anonymous_21)
FNDA:0,(anonymous_22)
FNDA:0,(anonymous_23)
FNDA:0,(anonymous_24)
DA:6,1
DA:10,1
DA:11,1
DA:36,1
DA:37,1
DA:38,1
DA:39,1
DA:40,1
DA:41,1
DA:46,1
DA:51,1
DA:52,1
DA:53,1
DA:55,1
DA:56,1
DA:58,1
DA:59,1
DA:60,0
DA:62,0
DA:73,0
DA:75,0
DA:76,0
DA:77,0
DA:79,0
DA:92,0
DA:95,0
DA:104,0
DA:111,0
DA:112,0
DA:114,0
DA:115,0
DA:116,0
DA:117,0
DA:119,0
DA:122,0
DA:135,0
DA:141,0
DA:142,0
DA:143,0
DA:147,0
DA:148,0
DA:150,0
DA:153,0
DA:155,0
DA:156,0
DA:158,0
DA:161,0
DA:163,0
DA:164,0
DA:166,0
DA:170,0
DA:176,0
DA:177,0
DA:178,0
DA:179,0
DA:180,0
DA:181,0
DA:182,0
DA:183,0
DA:187,0
DA:189,0
DA:190,0
DA:192,0
DA:193,0
DA:197,0
DA:204,0
DA:208,0
DA:216,0
DA:217,0
DA:220,0
DA:226,0
DA:229,0
DA:230,0
DA:231,0
DA:234,0
DA:235,0
DA:236,0
DA:240,0
DA:241,0
DA:242,0
DA:244,0
DA:245,0
DA:249,0
DA:250,0
DA:251,0
DA:253,0
DA:254,0
DA:257,0
DA:258,0
DA:259,0
DA:261,0
DA:272,0
DA:274,0
DA:275,0
DA:276,0
DA:277,0
DA:279,0
DA:285,0
DA:287,0
DA:288,0
DA:290,0
DA:296,0
DA:304,0
DA:311,1
DA:317,1
DA:318,0
DA:321,0
DA:322,0
DA:323,0
DA:326,0
DA:327,0
DA:329,0
DA:332,0
DA:333,0
DA:335,0
DA:338,0
DA:364,1
DA:365,1
DA:377,1
DA:378,0
DA:391,1
DA:434,0
DA:435,0
DA:436,0
DA:447,0
DA:448,0
DA:449,0
DA:460,0
DA:461,0
DA:462,0
DA:489,0
DA:490,0
DA:491,0
DA:502,0
DA:503,0
DA:504,0
DA:515,0
DA:516,0
DA:517,0
LF:139
LH:23
BRDA:75,0,0,0
BRDA:75,0,1,0
BRDA:114,1,0,0
BRDA:114,1,1,0
BRDA:116,2,0,0
BRDA:116,2,1,0
BRDA:141,3,0,0
BRDA:141,3,1,0
BRDA:147,4,0,0
BRDA:147,4,1,0
BRDA:155,5,0,0
BRDA:155,5,1,0
BRDA:163,6,0,0
BRDA:163,6,1,0
BRDA:192,7,0,0
BRDA:192,7,1,0
BRDA:197,8,0,0
BRDA:197,8,1,0
BRDA:198,9,0,0
BRDA:198,9,1,0
BRDA:198,9,2,0
BRDA:198,9,3,0
BRDA:198,9,4,0
BRDA:208,10,0,0
BRDA:208,10,1,0
BRDA:209,11,0,0
BRDA:209,11,1,0
BRDA:209,11,2,0
BRDA:209,11,3,0
BRDA:209,11,4,0
BRDA:209,11,5,0
BRDA:220,12,0,0
BRDA:220,12,1,0
BRDA:221,13,0,0
BRDA:221,13,1,0
BRDA:221,13,2,0
BRDA:221,13,3,0
BRDA:229,14,0,0
BRDA:229,14,1,0
BRDA:234,15,0,0
BRDA:234,15,1,0
BRDA:240,16,0,0
BRDA:240,16,1,0
BRDA:240,17,0,0
BRDA:240,17,1,0
BRDA:249,18,0,0
BRDA:249,18,1,0
BRDA:249,19,0,0
BRDA:249,19,1,0
BRDA:274,20,0,0
BRDA:274,20,1,0
BRDA:287,21,0,0
BRDA:287,21,1,0
BRDA:317,22,0,0
BRDA:317,22,1,1
BRDA:326,23,0,0
BRDA:326,23,1,0
BRDA:332,24,0,0
BRDA:332,24,1,0
BRDA:364,25,0,1
BRDA:364,25,1,0
BRDA:364,26,0,1
BRDA:364,26,1,0
BRDA:364,26,2,0
BRDA:377,27,0,0
BRDA:377,27,1,1
BRF:66
BRH:4
end_of_record
